2025-04-07 19:29:06,816 - crypto_trading_model.data_generation - INFO - Created directory: data/raw
2025-04-07 19:29:06,816 - crypto_trading_model.data_generation - INFO - Created directory: data/processed
2025-04-07 19:29:06,816 - crypto_trading_model.data_generation - INFO - Created directory: data/synthetic
2025-04-07 19:29:06,816 - crypto_trading_model.data_generation - INFO - Created directory: output/time_series
2025-04-07 19:29:06,816 - crypto_trading_model.data_generation - INFO - Created directory: output/reinforcement
2025-04-07 19:29:06,816 - crypto_trading_model.data_generation - INFO - Created directory: output/ensemble
2025-04-07 19:29:06,816 - crypto_trading_model.data_generation - INFO - Created directory: output/backtest
2025-04-07 19:29:06,816 - crypto_trading_model.data_generation - INFO - Created directory: logs
2025-04-07 19:29:06,816 - crypto_trading_model.data_generation - INFO - Directory setup complete.
2025-04-07 19:29:06,824 - crypto_trading_model.data_generation - INFO - Loaded configuration from crypto_trading_model/config/synthetic_config.json
2025-04-07 19:29:06,824 - crypto_trading_model.data_generation - INFO - Generating 140000 samples based on configuration
2025-04-07 19:29:06,881 - crypto_trading_model.data_generation - INFO - Generated dataframes: 15m (140000 rows), 4h (8750 rows), 1d (1459 rows)
2025-04-07 19:29:08,810 - crypto_trading_model.data_generation - INFO - Saved 15m data to ./data/synthetic\synthetic_dataset.h5/15m (140000 rows)
2025-04-07 19:29:08,940 - crypto_trading_model.data_generation - INFO - Saved 4h data to ./data/synthetic\synthetic_dataset.h5/4h (8750 rows)
2025-04-07 19:29:09,002 - crypto_trading_model.data_generation - INFO - Saved 1d data to ./data/synthetic\synthetic_dataset.h5/1d (1459 rows)
2025-04-07 19:29:09,018 - crypto_trading_model.data_generation - INFO - Saved dataset metadata to ./data/synthetic\dataset_metadata.json
2025-04-07 19:29:09,035 - crypto_trading_model.data_generation - INFO - Split 15m data: train=98000, val=21000, test=21000
2025-04-07 19:29:09,035 - crypto_trading_model.data_generation - INFO - Split 4h data: train=6125, val=1312, test=1313
2025-04-07 19:29:09,035 - crypto_trading_model.data_generation - INFO - Split 1d data: train=1021, val=218, test=220
2025-04-07 19:29:09,712 - crypto_trading_model.data_generation - INFO - Saved train split to ./data/synthetic\train_data.h5
2025-04-07 19:29:09,987 - crypto_trading_model.data_generation - INFO - Saved val split to ./data/synthetic\val_data.h5
2025-04-07 19:29:10,253 - crypto_trading_model.data_generation - INFO - Saved test split to ./data/synthetic\test_data.h5
2025-04-07 19:29:10,253 - crypto_trading_model.data_generation - INFO - Synthetic data generation complete. Data saved to ./data/synthetic
2025-04-07 19:29:10,253 - crypto_trading_model.data_generation - INFO - Data generation complete.
2025-04-07 18:37:25,636 - crypto_trading_model.data_generation - INFO - Created directory: data/raw
2025-04-07 18:37:25,636 - crypto_trading_model.data_generation - INFO - Created directory: data/processed
2025-04-07 18:37:25,636 - crypto_trading_model.data_generation - INFO - Created directory: data/synthetic
2025-04-07 18:37:25,636 - crypto_trading_model.data_generation - INFO - Created directory: output/time_series
2025-04-07 18:37:25,636 - crypto_trading_model.data_generation - INFO - Created directory: output/reinforcement
2025-04-07 18:37:25,636 - crypto_trading_model.data_generation - INFO - Created directory: output/ensemble
2025-04-07 18:37:25,636 - crypto_trading_model.data_generation - INFO - Created directory: output/backtest
2025-04-07 18:37:25,636 - crypto_trading_model.data_generation - INFO - Created directory: logs
2025-04-07 18:37:25,636 - crypto_trading_model.data_generation - INFO - Directory setup complete.
2025-04-07 18:37:25,637 - crypto_trading_model.data_generation - INFO - Loaded configuration from crypto_trading_model/config/synthetic_config.json
2025-04-07 18:37:25,637 - crypto_trading_model.data_generation - INFO - Generating 140672 samples based on configuration
2025-04-07 18:37:25,686 - crypto_trading_model.data_generation - INFO - Generated dataframes: 15m (140672 rows), 4h (8792 rows), 1d (1466 rows)
2025-04-07 18:37:26,706 - crypto_trading_model.data_generation - INFO - Saved 15m data to ./data/synthetic/synthetic_dataset.h5/15m (140672 rows)
2025-04-07 18:37:26,801 - crypto_trading_model.data_generation - INFO - Saved 4h data to ./data/synthetic/synthetic_dataset.h5/4h (8792 rows)
2025-04-07 18:37:26,853 - crypto_trading_model.data_generation - INFO - Saved 1d data to ./data/synthetic/synthetic_dataset.h5/1d (1466 rows)
2025-04-07 18:37:26,857 - crypto_trading_model.data_generation - INFO - Saved dataset metadata to ./data/synthetic/dataset_metadata.json
2025-04-07 18:37:26,864 - crypto_trading_model.data_generation - INFO - Split 15m data: train=98470, val=21100, test=21102
2025-04-07 18:37:26,864 - crypto_trading_model.data_generation - INFO - Split 4h data: train=6154, val=1318, test=1320
2025-04-07 18:37:26,865 - crypto_trading_model.data_generation - INFO - Split 1d data: train=1026, val=219, test=221
2025-04-07 18:37:27,285 - crypto_trading_model.data_generation - INFO - Saved train split to ./data/synthetic/train_data.h5
2025-04-07 18:37:27,497 - crypto_trading_model.data_generation - INFO - Saved val split to ./data/synthetic/val_data.h5
2025-04-07 18:37:27,694 - crypto_trading_model.data_generation - INFO - Saved test split to ./data/synthetic/test_data.h5
2025-04-07 18:37:27,694 - crypto_trading_model.data_generation - INFO - Synthetic data generation complete. Data saved to ./data/synthetic
2025-04-07 18:37:27,695 - crypto_trading_model.data_generation - INFO - Data generation complete.
2025-04-07 18:41:47,186 - crypto_trading_model.data_generation - INFO - Created directory: data/raw
2025-04-07 18:41:47,186 - crypto_trading_model.data_generation - INFO - Created directory: data/processed
2025-04-07 18:41:47,186 - crypto_trading_model.data_generation - INFO - Created directory: data/synthetic
2025-04-07 18:41:47,186 - crypto_trading_model.data_generation - INFO - Created directory: output/time_series
2025-04-07 18:41:47,186 - crypto_trading_model.data_generation - INFO - Created directory: output/reinforcement
2025-04-07 18:41:47,186 - crypto_trading_model.data_generation - INFO - Created directory: output/ensemble
2025-04-07 18:41:47,186 - crypto_trading_model.data_generation - INFO - Created directory: output/backtest
2025-04-07 18:41:47,186 - crypto_trading_model.data_generation - INFO - Created directory: logs
2025-04-07 18:41:47,186 - crypto_trading_model.data_generation - INFO - Directory setup complete.
2025-04-07 18:41:47,187 - crypto_trading_model.data_generation - INFO - Loaded configuration from crypto_trading_model/config/synthetic_config.json
2025-04-07 18:41:47,187 - crypto_trading_model.data_generation - INFO - Generating 140672 samples based on configuration
2025-04-07 18:41:47,233 - crypto_trading_model.data_generation - INFO - Generated dataframes: 15m (140672 rows), 4h (8792 rows), 1d (1466 rows)
2025-04-07 18:41:52,440 - crypto_trading_model.data_generation - INFO - Saved 15m data to ./data/synthetic/synthetic_dataset.h5/15m (140672 rows)
2025-04-07 18:41:52,781 - crypto_trading_model.data_generation - INFO - Saved 4h data to ./data/synthetic/synthetic_dataset.h5/4h (8792 rows)
2025-04-07 18:41:53,007 - crypto_trading_model.data_generation - INFO - Saved 1d data to ./data/synthetic/synthetic_dataset.h5/1d (1466 rows)
2025-04-07 18:41:53,020 - crypto_trading_model.data_generation - INFO - Saved dataset metadata to ./data/synthetic/dataset_metadata.json
2025-04-07 18:41:53,041 - crypto_trading_model.data_generation - INFO - Split 15m data: train=98470, val=21100, test=21102
2025-04-07 18:41:53,043 - crypto_trading_model.data_generation - INFO - Split 4h data: train=6154, val=1318, test=1320
2025-04-07 18:41:53,043 - crypto_trading_model.data_generation - INFO - Split 1d data: train=1026, val=219, test=221
2025-04-07 18:41:55,043 - crypto_trading_model.data_generation - INFO - Saved train split to ./data/synthetic/train_data.h5
2025-04-07 18:41:55,916 - crypto_trading_model.data_generation - INFO - Saved val split to ./data/synthetic/val_data.h5
2025-04-07 18:41:56,782 - crypto_trading_model.data_generation - INFO - Saved test split to ./data/synthetic/test_data.h5
2025-04-07 18:41:56,784 - crypto_trading_model.data_generation - INFO - Synthetic data generation complete. Data saved to ./data/synthetic
2025-04-07 18:41:56,785 - crypto_trading_model.data_generation - INFO - Data generation complete.
