2025-04-07 18:34:48,911 - crypto_trading_model.training - INFO - Created directory: output/time_series
2025-04-07 18:34:48,911 - crypto_trading_model.training - INFO - Created directory: logs
2025-04-07 18:34:48,911 - crypto_trading_model.training - INFO - Loaded configuration from crypto_trading_model/config/time_series_config.json
2025-04-07 18:34:48,911 - crypto_trading_model.training - INFO - Training with data: ./data/synthetic/train_data.h5, ./data/synthetic/val_data.h5
2025-04-07 18:34:48,914 - crypto_trading_model.training - INFO - Available timeframes in ./data/synthetic/train_data.h5: ['15m', '1d', '4h']
2025-04-07 18:34:49,020 - crypto_trading_model.training - INFO - Loaded dataset with 971 valid samples
2025-04-07 18:34:49,023 - crypto_trading_model.training - INFO - Available timeframes in ./data/synthetic/val_data.h5: ['15m', '1d', '4h']
2025-04-07 18:34:49,110 - crypto_trading_model.training - INFO - Loaded dataset with 168 valid samples
2025-04-07 18:34:49,130 - crypto_trading_model.training - INFO - Using CPU for training
2025-04-07 18:34:49,132 - crypto_trading_model.training - INFO - Epoch 1/100
2025-04-07 18:37:33,316 - crypto_trading_model.training - INFO - Created directory: output/time_series
2025-04-07 18:37:33,317 - crypto_trading_model.training - INFO - Created directory: logs
2025-04-07 18:37:33,317 - crypto_trading_model.training - INFO - Loaded configuration from crypto_trading_model/config/time_series_config.json
2025-04-07 18:37:33,317 - crypto_trading_model.training - INFO - Training with data: ./data/synthetic/train_data.h5, ./data/synthetic/val_data.h5
2025-04-07 18:37:33,320 - crypto_trading_model.training - INFO - Available timeframes in ./data/synthetic/train_data.h5: ['15m', '1d', '4h']
2025-04-07 18:37:33,440 - crypto_trading_model.training - INFO - Loaded dataset with 976 valid samples
2025-04-07 18:37:33,443 - crypto_trading_model.training - INFO - Available timeframes in ./data/synthetic/val_data.h5: ['15m', '1d', '4h']
2025-04-07 18:37:33,539 - crypto_trading_model.training - INFO - Loaded dataset with 169 valid samples
2025-04-07 18:37:33,557 - crypto_trading_model.training - INFO - Using CPU for training
2025-04-07 18:37:33,558 - crypto_trading_model.training - INFO - Epoch 1/100
2025-04-07 18:43:39,339 - crypto_trading_model.training - INFO - Created directory: output/time_series
2025-04-07 18:43:39,339 - crypto_trading_model.training - INFO - Created directory: logs
2025-04-07 18:43:39,339 - crypto_trading_model.training - INFO - Loaded configuration from crypto_trading_model/config/time_series_config.json
2025-04-07 18:43:39,340 - crypto_trading_model.training - INFO - Training with data: ./data/synthetic/train_data.h5, ./data/synthetic/val_data.h5
2025-04-07 18:43:39,343 - crypto_trading_model.training - INFO - Available timeframes in ./data/synthetic/train_data.h5: ['15m', '1d', '4h']
2025-04-07 18:43:39,755 - crypto_trading_model.training - INFO - Loaded dataset with 976 valid samples
2025-04-07 18:43:39,758 - crypto_trading_model.training - INFO - Available timeframes in ./data/synthetic/val_data.h5: ['15m', '1d', '4h']
2025-04-07 18:43:40,080 - crypto_trading_model.training - INFO - Loaded dataset with 169 valid samples
2025-04-07 18:43:40,097 - crypto_trading_model.training - INFO - Using CPU for training
2025-04-07 18:43:40,098 - crypto_trading_model.training - INFO - Epoch 1/100
